2026-03-17 21:31:52 [INFO] ============================================================
2026-03-17 21:31:52 [INFO] WebSocket Client uruchomiony
2026-03-17 21:31:52 [INFO] Serwer: ws://localhost:8080/ws/chat
2026-03-17 21:31:52 [INFO] Nazwa klienta: PythonClient
2026-03-17 21:31:52 [INFO] ============================================================
2026-03-17 21:31:52 [INFO] Łączenie z serwerem: ws://localhost:8080/ws/chat
2026-03-17 21:31:52 [INFO] Połączenie z serwerem nawiązane
2026-03-17 21:31:52 [DEBUG] Otrzymana wiadomość: {"type":"connection","timestamp":"2026-03-17T21:31:52.715336412","clientId":"f75ee177-c85d-409e-9188-bc844c9149a9","message":null}
2026-03-17 21:31:52 [INFO] ✅ Połączono! ID klienta: f75ee177...
2026-03-17 21:32:59 [INFO] Wysłano wiadomość: {"type": "message", "message": "abc", "timestamp": "2026-03-17T21:32:59.222330", "clientId": "f75ee177-c85d-409e-9188-bc844c9149a9"}
2026-03-17 21:32:59 [DEBUG] Otrzymana wiadomość: {"type":"echo","timestamp":"2026-03-17T21:32:59.238584093","clientId":"f75ee177-c85d-409e-9188-bc844c9149a9","message":"abc"}
2026-03-17 21:33:15 [INFO] Wysłano wiadomość: {"type": "message", "message": "def", "timestamp": "2026-03-17T21:33:15.746304", "clientId": "f75ee177-c85d-409e-9188-bc844c9149a9"}
2026-03-17 21:33:15 [DEBUG] Otrzymana wiadomość: {"type":"echo","timestamp":"2026-03-17T21:33:15.749264893","clientId":"f75ee177-c85d-409e-9188-bc844c9149a9","message":"def"}
2026-03-17 21:33:44 [INFO] ============================================================
2026-03-17 21:33:44 [INFO] WebSocket Client uruchomiony
2026-03-17 21:33:44 [INFO] Serwer: ws://localhost:8080/ws/chat
2026-03-17 21:33:44 [INFO] Nazwa klienta: PythonClient
2026-03-17 21:33:44 [INFO] ============================================================
2026-03-17 21:33:44 [INFO] Łączenie z serwerem: ws://localhost:8080/ws/chat
2026-03-17 21:33:44 [INFO] Połączenie z serwerem nawiązane
2026-03-17 21:33:44 [DEBUG] Otrzymana wiadomość: {"type":"connection","timestamp":"2026-03-17T21:33:44.924524636","clientId":"18a39c64-9b8a-4113-b000-6b3440169635","message":null}
2026-03-17 21:33:44 [INFO] ✅ Połączono! ID klienta: 18a39c64...
2026-03-17 21:33:47 [INFO] Wysłano wiadomość: {"type": "message", "message": "a", "timestamp": "2026-03-17T21:33:47.038178", "clientId": "18a39c64-9b8a-4113-b000-6b3440169635"}
2026-03-17 21:33:47 [DEBUG] Otrzymana wiadomość: {"type":"echo","timestamp":"2026-03-17T21:33:47.040528392","clientId":"18a39c64-9b8a-4113-b000-6b3440169635","message":"a"}
2026-03-17 21:33:47 [DEBUG] Otrzymana wiadomość: {"type":"echo","timestamp":"2026-03-17T21:33:47.040528392","clientId":"18a39c64-9b8a-4113-b000-6b3440169635","message":"a"}
2026-03-17 21:33:57 [ERROR] ❌ Błąd WebSocket: fin=1 opcode=8 data=b'\x03\xe9The web application is stopping'
2026-03-17 21:33:57 [INFO] Połączenie zamknięte (kod: None)
2026-03-17 21:33:57 [ERROR] ❌ Błąd WebSocket: fin=1 opcode=8 data=b'\x03\xe9The web application is stopping'
2026-03-17 21:33:57 [INFO] Połączenie zamknięte (kod: None)
2026-03-17 21:34:01 [INFO] Rozłączanie z serwerem...
2026-03-17 21:34:02 [INFO] Rozłączanie z serwerem...
2026-03-17 21:45:52 [INFO] ============================================================
2026-03-17 21:45:52 [INFO] WebSocket Client uruchomiony
2026-03-17 21:45:52 [INFO] Serwer: ws://localhost:8080/ws/chat
2026-03-17 21:45:52 [INFO] Nazwa klienta: PythonClient
2026-03-17 21:45:52 [INFO] ============================================================
2026-03-17 21:45:52 [INFO] Łączenie z serwerem: ws://localhost:8080/ws/chat
2026-03-17 21:45:52 [INFO] Połączenie z serwerem nawiązane
2026-03-17 21:45:52 [DEBUG] Otrzymana wiadomość: {"type":"connection","timestamp":"2026-03-17T21:45:52.057036753","clientId":"7ce3f111-62ad-4d66-9179-960d83a40691","message":null}
2026-03-17 21:45:52 [INFO] ✅ Połączono! ID klienta: 7ce3f111...
2026-03-17 21:45:53 [INFO] Wysłano wiadomość: {"type": "message", "message": "a", "timestamp": "2026-03-17T21:45:53.310424", "clientId": "7ce3f111-62ad-4d66-9179-960d83a40691"}
2026-03-17 21:47:30 [DEBUG] Otrzymana wiadomość: {"type":"echo","timestamp":"2026-03-17T21:47:30.027295488","clientId":"7ce3f111-62ad-4d66-9179-960d83a40691","message":"a"}
2026-03-17 21:47:35 [ERROR] ❌ Błąd WebSocket: fin=1 opcode=8 data=b'\x03\xe9The web application is stopping'
2026-03-17 21:47:35 [INFO] Połączenie zamknięte (kod: None)
2026-03-17 21:50:31 [INFO] Rozłączanie z serwerem...
